This is pdfTeX, Version 3.14159265-2.6-1.40.21 (TeX Live 2020/W32TeX) (preloaded format=pdflatex 2020.4.16)  23 AUG 2020 11:56
entering extended mode
 restricted \write18 enabled.
 %&-line parsing enabled.
**"C:/Users/takuy/Desktop/Codes/Lang/FanCobal/doc/FunCobal_Basical_Specificatio
n_ Document_Ver1.1.0.tex"

(c:/Users/takuy/Desktop/Codes/Lang/FanCobal/doc/FunCobal_Basical_Specification_
 Document_Ver1.1.0.tex
LaTeX2e <2020-02-02> patch level 5
L3 programming layer <2020-04-06>
(c:/w32tex/share/texmf-dist/tex/jlatex/base/jarticle.cls)
(c:/w32tex/share/texmf-dist/tex/jlatex/base/j-article.cls
Document Class: j-article 2000/05/19 v1.4b Standard JLaTeX document class
(c:/w32tex/share/texmf-dist/tex/jlatex/base/j-size10.clo
File: j-size10.clo 2000/05/19 v1.4b Standard JLaTeX file (size option)

(c:/w32tex/share/texmf-dist/tex/jlatex/base/jresize10.clo))
\c@part=\count167
\c@section=\count168
\c@subsection=\count169
\c@subsubsection=\count170
\c@paragraph=\count171
\c@subparagraph=\count172
\c@figure=\count173
\c@table=\count174
\abovecaptionskip=\skip47
\belowcaptionskip=\skip48
\bibindent=\dimen134
)
Runaway argument?
{^^[$B;29MJ88\newcommand \indexname {^^[$B:w0z^^[(B} \newcommand \figurename \E
TC.
! File ended while scanning use of \@argdef.
<inserted text> 
                \par 
l.2 \usepackage
               {listings} 
Here is how much of TeX's memory you used:
 220 strings out of 480607
 3101 string characters out of 5906019
 239641 words of memory out of 5000000
 16197 multiletter control sequences out of 15000+600000
 532338 words of font info for 24 fonts, out of 8000000 for 9000
 1141 hyphenation exceptions out of 8191
 29i,0n,21p,289b,36s stack positions out of 5000i,500n,10000p,500000b,80000s

!  ==> Fatal error occurred, no output PDF file produced!
